
/home/runner/work/exp-second-order-unity-feedback-system-dei/exp-second-order-unity-feedback-system-dei/experiment/simulation/js/main.js
    4:5    warning  'eqn' is defined but never used             no-unused-vars
    5:5    warning  'poles' is assigned a value but never used  no-unused-vars
    6:5    warning  'roots' is assigned a value but never used  no-unused-vars
    8:10   warning  'changepage' is defined but never used      no-unused-vars
   17:10   warning  'addval' is defined but never used          no-unused-vars
   20:9    warning  'nums' is defined but never used            no-unused-vars
   20:15   warning  'dens' is defined but never used            no-unused-vars
   28:9    warning  'x1' is defined but never used              no-unused-vars
   28:13   warning  'y1' is defined but never used              no-unused-vars
   29:9    warning  'ni' is assigned a value but never used     no-unused-vars
   30:9    warning  'di' is assigned a value but never used     no-unused-vars
   32:5    warning  'a1' is not defined                         no-undef
   33:5    warning  'b1' is not defined                         no-undef
   34:5    warning  'a2' is not defined                         no-undef
   35:5    warning  'b2' is not defined                         no-undef
   37:5    warning  'c2' is not defined                         no-undef
   37:24   warning  'b1' is not defined                         no-undef
   38:27   warning  'c2' is not defined                         no-undef
   39:16   warning  'b2' is not defined                         no-undef
   53:14   warning  'b1' is not defined                         no-undef
   53:19   warning  'c2' is not defined                         no-undef
   54:19   warning  'b2' is not defined                         no-undef
   54:28   warning  'a2' is not defined                         no-undef
   55:19   warning  'b1' is not defined                         no-undef
   55:24   warning  'c2' is not defined                         no-undef
   56:18   warning  'a2' is not defined                         no-undef
   56:23   warning  'c2' is not defined                         no-undef
   56:28   warning  'b2' is not defined                         no-undef
   56:33   warning  'b2' is not defined                         no-undef
   58:9    warning  'c4' is not defined                         no-undef
   58:39   warning  'a2' is not defined                         no-undef
   60:9    warning  'c4' is not defined                         no-undef
   60:34   warning  'a2' is not defined                         no-undef
   61:14   warning  'c4' is not defined                         no-undef
   61:23   warning  'a2' is not defined                         no-undef
   63:9    warning  'b4' is not defined                         no-undef
   65:9    warning  'b4' is not defined                         no-undef
   66:9    warning  'b2' is not defined                         no-undef
   67:9    warning  'b4' is not defined                         no-undef
   70:31   warning  'b4' is not defined                         no-undef
   70:43   warning  'c4' is not defined                         no-undef
   70:72   warning  'b4' is not defined                         no-undef
   70:84   warning  'c4' is not defined                         no-undef
   73:38   warning  'b4' is not defined                         no-undef
   73:50   warning  'c4' is not defined                         no-undef
   73:79   warning  'b4' is not defined                         no-undef
   73:91   warning  'c4' is not defined                         no-undef
   76:38   warning  'b4' is not defined                         no-undef
   76:50   warning  'c4' is not defined                         no-undef
   76:79   warning  'b4' is not defined                         no-undef
   76:91   warning  'c4' is not defined                         no-undef
   79:38   warning  'b4' is not defined                         no-undef
   79:50   warning  'c4' is not defined                         no-undef
   79:80   warning  'b4' is not defined                         no-undef
   79:92   warning  'c4' is not defined                         no-undef
   82:38   warning  'b4' is not defined                         no-undef
   82:50   warning  'c4' is not defined                         no-undef
   82:80   warning  'b4' is not defined                         no-undef
   82:92   warning  'c4' is not defined                         no-undef
   90:39   warning  'b4' is not defined                         no-undef
   90:51   warning  'c4' is not defined                         no-undef
   94:19   warning  'b1' is not defined                         no-undef
   94:24   warning  'c2' is not defined                         no-undef
   95:29   warning  'c2' is not defined                         no-undef
   95:34   warning  'a2' is not defined                         no-undef
   96:35   warning  'a2' is not defined                         no-undef
  150:13   warning  'a2' is not defined                         no-undef
  151:41   warning  'a2' is not defined                         no-undef
  152:13   warning  'b2' is not defined                         no-undef
  153:17   warning  'a2' is not defined                         no-undef
  154:53   warning  'b2' is not defined                         no-undef
  156:45   warning  'b2' is not defined                         no-undef
  157:13   warning  'c2' is not defined                         no-undef
  158:17   warning  'b2' is not defined                         no-undef
  159:53   warning  'c2' is not defined                         no-undef
  161:45   warning  'c2' is not defined                         no-undef
  166:13   warning  'numerator' is already defined              no-redeclare
  175:13   warning  'denominator' is already defined            no-redeclare
  192:13   warning  'output' is defined but never used          no-unused-vars
  195:107  warning  'c4' is not defined                         no-undef
  195:152  warning  'b4' is not defined                         no-undef
  195:217  warning  'c4' is not defined                         no-undef
  199:108  warning  'c4' is not defined                         no-undef
  199:150  warning  'b4' is not defined                         no-undef
  199:215  warning  'c4' is not defined                         no-undef
  203:13   warning  'j' is defined but never used               no-unused-vars
  203:16   warning  'k' is defined but never used               no-unused-vars
  209:9    warning  'MathJax' is not defined                    no-undef
  209:39   warning  'MathJax' is not defined                    no-undef
  210:9    warning  'MathJax' is not defined                    no-undef
  210:39   warning  'MathJax' is not defined                    no-undef
  211:9    warning  'MathJax' is not defined                    no-undef
  211:39   warning  'MathJax' is not defined                    no-undef
  224:2    warning  Unnecessary semicolon                       no-extra-semi
  226:10   warning  'discriminant' is defined but never used    no-unused-vars
  228:2    warning  Unnecessary semicolon                       no-extra-semi
  231:10   warning  'showval' is defined but never used         no-unused-vars
  236:2    warning  Unnecessary semicolon                       no-extra-semi
  243:2    warning  Unnecessary semicolon                       no-extra-semi
  247:10   warning  'runprog' is defined but never used         no-unused-vars
  247:18   warning  'i' is defined but never used               no-unused-vars
  262:2    warning  Unnecessary semicolon                       no-extra-semi
  268:13   warning  'chartplot' is already defined              no-redeclare
  284:21   warning  'Chart' is not defined                      no-undef
  334:2    warning  Unnecessary semicolon                       no-extra-semi
  338:10   warning  'dispmenu' is defined but never used        no-unused-vars

/home/runner/work/exp-second-order-unity-feedback-system-dei/exp-second-order-unity-feedback-system-dei/experiment/simulation/js/main1.js
  357:10  error  Parsing error: Identifier 'impulseresponse' has already been declared

✖ 107 problems (1 error, 106 warnings)
  0 errors and 6 warnings potentially fixable with the `--fix` option.

